Performing C SOURCE FILE Test CMAKE_HAVE_LIBC_PTHREAD failed with the following output:
Change Dir: /home/maximkrasavtsev/cyberimmune-systems-autonomous-delivery-drone-with-kos-fork/kos/build_real_online/CMakeFiles/CMakeScratch/TryCompile-jhziA1

Run Build Command(s):/usr/bin/gmake -f Makefile cmTC_ab2f1/fast && /usr/bin/gmake  -f CMakeFiles/cmTC_ab2f1.dir/build.make CMakeFiles/cmTC_ab2f1.dir/build
gmake[1]: Entering directory '/home/maximkrasavtsev/cyberimmune-systems-autonomous-delivery-drone-with-kos-fork/kos/build_real_online/CMakeFiles/CMakeScratch/TryCompile-jhziA1'
Building C object CMakeFiles/cmTC_ab2f1.dir/src.c.o
/opt/KasperskyOS-Community-Edition-1.2.0.45/toolchain/bin/aarch64-kos-gcc -DCMAKE_HAVE_LIBC_PTHREAD  -fstack-protector-strong -fstack-clash-protection -mbranch-protection=standard    -O2 -mbranch-protection=standard -mcpu=cortex-a72  -o CMakeFiles/cmTC_ab2f1.dir/src.c.o -c /home/maximkrasavtsev/cyberimmune-systems-autonomous-delivery-drone-with-kos-fork/kos/build_real_online/CMakeFiles/CMakeScratch/TryCompile-jhziA1/src.c
Linking C executable cmTC_ab2f1
/opt/KasperskyOS-Community-Edition-1.2.0.45/toolchain/bin/cmake -E cmake_link_script CMakeFiles/cmTC_ab2f1.dir/link.txt --verbose=1
/opt/KasperskyOS-Community-Edition-1.2.0.45/toolchain/bin/aarch64-kos-gcc -fstack-protector-strong -fstack-clash-protection -mbranch-protection=standard    -O2 -mbranch-protection=standard -mcpu=cortex-a72  -Wl,-z,noexecstack -Wl,-z,now  -static  CMakeFiles/cmTC_ab2f1.dir/src.c.o -o cmTC_ab2f1 
/opt/KasperskyOS-Community-Edition-1.2.0.45/toolchain/bin/aarch64-kos-ld: CMakeFiles/cmTC_ab2f1.dir/src.c.o: in function `main':
src.c:(.text.startup+0x38): undefined reference to `pthread_create'
/opt/KasperskyOS-Community-Edition-1.2.0.45/toolchain/bin/aarch64-kos-ld: src.c:(.text.startup+0x48): undefined reference to `pthread_cancel'
/opt/KasperskyOS-Community-Edition-1.2.0.45/toolchain/bin/aarch64-kos-ld: src.c:(.text.startup+0x5c): undefined reference to `pthread_exit'
collect2: error: ld returned 1 exit status
gmake[1]: *** [CMakeFiles/cmTC_ab2f1.dir/build.make:99: cmTC_ab2f1] Error 1
gmake[1]: Leaving directory '/home/maximkrasavtsev/cyberimmune-systems-autonomous-delivery-drone-with-kos-fork/kos/build_real_online/CMakeFiles/CMakeScratch/TryCompile-jhziA1'
gmake: *** [Makefile:127: cmTC_ab2f1/fast] Error 2


Source file was:
#include <pthread.h>

static void* test_func(void* data)
{
  return data;
}

int main(void)
{
  pthread_t thread;
  pthread_create(&thread, NULL, test_func, NULL);
  pthread_detach(thread);
  pthread_cancel(thread);
  pthread_join(thread, NULL);
  // KOS: Does not support it.
  #if !defined(__KOS__)
  pthread_atfork(NULL, NULL, NULL);
  #endif
  pthread_exit(NULL);

  return 0;
}


